[   11529ms] [INFO] %cDownload the React DevTools for a better development experience: https://react.dev/link/react-devtools font-weight:bold @ http://localhost:3101/_next/static/chunks/0yk2_next_dist_1dg-nc0._.js:843
[   12069ms] [LOG] [HMR] connected @ http://localhost:3101/_next/static/chunks/0yk2_next_dist_1dg-nc0._.js:843
[   12533ms] [LOG] %c[Vercel Speed Insights]%c Debug mode is enabled by default in development. No requests will be sent to the server. color: rgb(120, 120, 120) color: inherit @ http://localhost:3101/_next/static/chunks/0yk2_next_dist_1dg-nc0._.js:843
[   12548ms] [LOG] %c[Vercel Web Analytics]%c Debug mode is enabled by default in development. No requests will be sent to the server. color: rgb(120, 120, 120) color: inherit @ http://localhost:3101/_next/static/chunks/0yk2_next_dist_1dg-nc0._.js:843
[   12548ms] [LOG] %c[Vercel Web Analytics]%c Running queued event color: rgb(120, 120, 120) color: inherit pageview {route: /[locale], path: /he} @ http://localhost:3101/_next/static/chunks/0yk2_next_dist_1dg-nc0._.js:843
[   12548ms] [LOG] %c[Vercel Web Analytics]%c Running queued event color: rgb(120, 120, 120) color: inherit pageview {route: /[locale], path: /he} @ http://localhost:3101/_next/static/chunks/0yk2_next_dist_1dg-nc0._.js:843
[   12548ms] [LOG] %c[Vercel Web Analytics]%c [view] http://localhost:3101/he color: rgb(120, 120, 120) color: inherit {o: http://localhost:3101/he, sv: 0.1.3, sdkn: @vercel/analytics/next, sdkv: 2.0.1, ts: 1784038657619} /_vercel/insights/view @ http://localhost:3101/_next/static/chunks/0yk2_next_dist_1dg-nc0._.js:843
[   12549ms] [LOG] %c[Vercel Web Analytics]%c [view] http://localhost:3101/he color: rgb(120, 120, 120) color: inherit {o: http://localhost:3101/he, sv: 0.1.3, sdkn: @vercel/analytics/next, sdkv: 2.0.1, ts: 1784038657619} /_vercel/insights/view @ http://localhost:3101/_next/static/chunks/0yk2_next_dist_1dg-nc0._.js:843
[   15724ms] [WARNING] The resource http://localhost:3101/_next/static/chunks/src_app_%5Blocale%5D_error_module_0ht48c-.css was preloaded using link preload but not used within a few seconds from the window's load event. Please make sure it has an appropriate `as` value and it is preloaded intentionally. @ http://localhost:3101/he:0
[   15724ms] [WARNING] The resource http://localhost:3101/_next/static/chunks/src_components_NotFoundContent_module_0hvdp2m.css was preloaded using link preload but not used within a few seconds from the window's load event. Please make sure it has an appropriate `as` value and it is preloaded intentionally. @ http://localhost:3101/he:0
[   48271ms] [LOG] [Fast Refresh] rebuilding @ http://localhost:3101/_next/static/chunks/0yk2_next_dist_1dg-nc0._.js:843
[   48679ms] [LOG] [Fast Refresh] done in 509ms @ http://localhost:3101/_next/static/chunks/0yk2_next_dist_1dg-nc0._.js:843
[   51373ms] [WARNING] The resource http://localhost:3101/_next/static/chunks/src_app_%5Blocale%5D_error_module_0ht48c-.css was preloaded using link preload but not used within a few seconds from the window's load event. Please make sure it has an appropriate `as` value and it is preloaded intentionally. @ http://localhost:3101/he:0
[   51373ms] [WARNING] The resource http://localhost:3101/_next/static/chunks/src_components_NotFoundContent_module_0hvdp2m.css was preloaded using link preload but not used within a few seconds from the window's load event. Please make sure it has an appropriate `as` value and it is preloaded intentionally. @ http://localhost:3101/he:0
[   52111ms] [INFO] %cDownload the React DevTools for a better development experience: https://react.dev/link/react-devtools font-weight:bold @ http://localhost:3101/_next/static/chunks/0yk2_next_dist_1dg-nc0._.js:843
[   52129ms] [LOG] [HMR] connected @ http://localhost:3101/_next/static/chunks/0yk2_next_dist_1dg-nc0._.js:843
[   52336ms] [LOG] %c[Vercel Web Analytics]%c Debug mode is enabled by default in development. No requests will be sent to the server. color: rgb(120, 120, 120) color: inherit @ http://localhost:3101/_next/static/chunks/0yk2_next_dist_1dg-nc0._.js:843
[   52336ms] [LOG] %c[Vercel Web Analytics]%c Running queued event color: rgb(120, 120, 120) color: inherit pageview {route: /[locale]/topics/[slug], path: /he/topics/traffic-laws} @ http://localhost:3101/_next/static/chunks/0yk2_next_dist_1dg-nc0._.js:843
[   52336ms] [LOG] %c[Vercel Web Analytics]%c Running queued event color: rgb(120, 120, 120) color: inherit pageview {route: /[locale]/topics/[slug], path: /he/topics/traffic-laws} @ http://localhost:3101/_next/static/chunks/0yk2_next_dist_1dg-nc0._.js:843
[   52336ms] [LOG] %c[Vercel Web Analytics]%c [view] http://localhost:3101/he/topics/traffic-laws color: rgb(120, 120, 120) color: inherit {o: http://localhost:3101/he/topics/traffic-laws, sv: 0.1.3, sdkn: @vercel/analytics/next, sdkv: 2.0.1, ts: 1784038697407} /_vercel/insights/view @ http://localhost:3101/_next/static/chunks/0yk2_next_dist_1dg-nc0._.js:843
[   52336ms] [LOG] %c[Vercel Web Analytics]%c [view] http://localhost:3101/he/topics/traffic-laws color: rgb(120, 120, 120) color: inherit {o: http://localhost:3101/he/topics/traffic-laws, sv: 0.1.3, sdkn: @vercel/analytics/next, sdkv: 2.0.1, ts: 1784038697407} /_vercel/insights/view @ http://localhost:3101/_next/static/chunks/0yk2_next_dist_1dg-nc0._.js:843
[   52337ms] [LOG] %c[Vercel Speed Insights]%c Debug mode is enabled by default in development. No requests will be sent to the server. color: rgb(120, 120, 120) color: inherit @ http://localhost:3101/_next/static/chunks/0yk2_next_dist_1dg-nc0._.js:843
[   54382ms] [LOG] [Fast Refresh] rebuilding @ http://localhost:3101/_next/static/chunks/0yk2_next_dist_1dg-nc0._.js:843
[   54533ms] [LOG] [Fast Refresh] done in 253ms @ http://localhost:3101/_next/static/chunks/0yk2_next_dist_1dg-nc0._.js:843
[   56009ms] [INFO] %cDownload the React DevTools for a better development experience: https://react.dev/link/react-devtools font-weight:bold @ http://localhost:3101/_next/static/chunks/0yk2_next_dist_1dg-nc0._.js:843
[   56034ms] [LOG] [HMR] connected @ http://localhost:3101/_next/static/chunks/0yk2_next_dist_1dg-nc0._.js:843
[   56079ms] [LOG] %c[Vercel Web Analytics]%c Debug mode is enabled by default in development. No requests will be sent to the server. color: rgb(120, 120, 120) color: inherit @ http://localhost:3101/_next/static/chunks/0yk2_next_dist_1dg-nc0._.js:843
[   56079ms] [LOG] %c[Vercel Web Analytics]%c Running queued event color: rgb(120, 120, 120) color: inherit pageview {route: /[locale]/flashcards, path: /he/flashcards} @ http://localhost:3101/_next/static/chunks/0yk2_next_dist_1dg-nc0._.js:843
[   56079ms] [LOG] %c[Vercel Web Analytics]%c Running queued event color: rgb(120, 120, 120) color: inherit pageview {route: /[locale]/flashcards, path: /he/flashcards} @ http://localhost:3101/_next/static/chunks/0yk2_next_dist_1dg-nc0._.js:843
[   56079ms] [LOG] %c[Vercel Web Analytics]%c [view] http://localhost:3101/he/flashcards color: rgb(120, 120, 120) color: inherit {o: http://localhost:3101/he/flashcards, sv: 0.1.3, sdkn: @vercel/analytics/next, sdkv: 2.0.1, ts: 1784038701149} /_vercel/insights/view @ http://localhost:3101/_next/static/chunks/0yk2_next_dist_1dg-nc0._.js:843
[   56079ms] [LOG] %c[Vercel Web Analytics]%c [view] http://localhost:3101/he/flashcards color: rgb(120, 120, 120) color: inherit {o: http://localhost:3101/he/flashcards, sv: 0.1.3, sdkn: @vercel/analytics/next, sdkv: 2.0.1, ts: 1784038701149} /_vercel/insights/view @ http://localhost:3101/_next/static/chunks/0yk2_next_dist_1dg-nc0._.js:843
[   56079ms] [LOG] %c[Vercel Speed Insights]%c Debug mode is enabled by default in development. No requests will be sent to the server. color: rgb(120, 120, 120) color: inherit @ http://localhost:3101/_next/static/chunks/0yk2_next_dist_1dg-nc0._.js:843
[   56097ms] [WARNING] Image with src "/signs/sign-100.png" has either width or height modified, but not the other. If you use CSS to change the size of your image, also include the styles 'width: "auto"' or 'height: "auto"' to maintain the aspect ratio. @ http://localhost:3101/_next/static/chunks/0yk2_next_dist_1dg-nc0._.js:843
[   56128ms] [WARNING] Image with src "/signs/sign-100.png" was detected as the Largest Contentful Paint (LCP). Please add the `loading="eager"` property if this image is above the fold.
Read more: https://nextjs.org/docs/app/api-reference/components/image#loading @ http://localhost:3101/_next/static/chunks/0yk2_next_dist_1dg-nc0._.js:843
[   60647ms] [WARNING] The resource http://localhost:3101/_next/static/chunks/src_app_%5Blocale%5D_error_module_0ht48c-.css was preloaded using link preload but not used within a few seconds from the window's load event. Please make sure it has an appropriate `as` value and it is preloaded intentionally. @ http://localhost:3101/he/flashcards:0
[   60647ms] [WARNING] The resource http://localhost:3101/_next/static/chunks/src_components_NotFoundContent_module_0hvdp2m.css was preloaded using link preload but not used within a few seconds from the window's load event. Please make sure it has an appropriate `as` value and it is preloaded intentionally. @ http://localhost:3101/he/flashcards:0
[   88371ms] [INFO] %cDownload the React DevTools for a better development experience: https://react.dev/link/react-devtools font-weight:bold @ http://localhost:3101/_next/static/chunks/0yk2_next_dist_1dg-nc0._.js:843
[   88382ms] [LOG] [HMR] connected @ http://localhost:3101/_next/static/chunks/0yk2_next_dist_1dg-nc0._.js:843
[   88411ms] [LOG] %c[Vercel Web Analytics]%c Debug mode is enabled by default in development. No requests will be sent to the server. color: rgb(120, 120, 120) color: inherit @ http://localhost:3101/_next/static/chunks/0yk2_next_dist_1dg-nc0._.js:843
[   88411ms] [LOG] %c[Vercel Web Analytics]%c Running queued event color: rgb(120, 120, 120) color: inherit pageview {route: /[locale]/auth/login, path: /he/auth/login} @ http://localhost:3101/_next/static/chunks/0yk2_next_dist_1dg-nc0._.js:843
[   88411ms] [LOG] %c[Vercel Web Analytics]%c Running queued event color: rgb(120, 120, 120) color: inherit pageview {route: /[locale]/auth/login, path: /he/auth/login} @ http://localhost:3101/_next/static/chunks/0yk2_next_dist_1dg-nc0._.js:843
[   88412ms] [LOG] %c[Vercel Web Analytics]%c [view] http://localhost:3101/he/auth/login color: rgb(120, 120, 120) color: inherit {o: http://localhost:3101/he/auth/login, sv: 0.1.3, sdkn: @vercel/analytics/next, sdkv: 2.0.1, ts: 1784038733482} /_vercel/insights/view @ http://localhost:3101/_next/static/chunks/0yk2_next_dist_1dg-nc0._.js:843
[   88412ms] [LOG] %c[Vercel Web Analytics]%c [view] http://localhost:3101/he/auth/login color: rgb(120, 120, 120) color: inherit {o: http://localhost:3101/he/auth/login, sv: 0.1.3, sdkn: @vercel/analytics/next, sdkv: 2.0.1, ts: 1784038733482} /_vercel/insights/view @ http://localhost:3101/_next/static/chunks/0yk2_next_dist_1dg-nc0._.js:843
[   88412ms] [LOG] %c[Vercel Speed Insights]%c Debug mode is enabled by default in development. No requests will be sent to the server. color: rgb(120, 120, 120) color: inherit @ http://localhost:3101/_next/static/chunks/0yk2_next_dist_1dg-nc0._.js:843
[   88498ms] [WARNING] Image with src "/landing/screenshot-home.png" was detected as the Largest Contentful Paint (LCP). Please add the `loading="eager"` property if this image is above the fold.
Read more: https://nextjs.org/docs/app/api-reference/components/image#loading @ http://localhost:3101/_next/static/chunks/0yk2_next_dist_1dg-nc0._.js:843
[   91956ms] [WARNING] The resource http://localhost:3101/_next/static/chunks/src_app_%5Blocale%5D_error_module_0ht48c-.css was preloaded using link preload but not used within a few seconds from the window's load event. Please make sure it has an appropriate `as` value and it is preloaded intentionally. @ http://localhost:3101/he/auth/login:0
[   91956ms] [WARNING] The resource http://localhost:3101/_next/static/chunks/src_components_NotFoundContent_module_0hvdp2m.css was preloaded using link preload but not used within a few seconds from the window's load event. Please make sure it has an appropriate `as` value and it is preloaded intentionally. @ http://localhost:3101/he/auth/login:0
[  111809ms] [WARNING] The resource http://localhost:3101/_next/static/chunks/src_app_%5Blocale%5D_error_module_0ht48c-.css was preloaded using link preload but not used within a few seconds from the window's load event. Please make sure it has an appropriate `as` value and it is preloaded intentionally. @ http://localhost:3101/he/auth/login:0
[  111809ms] [WARNING] The resource http://localhost:3101/_next/static/chunks/src_components_NotFoundContent_module_0hvdp2m.css was preloaded using link preload but not used within a few seconds from the window's load event. Please make sure it has an appropriate `as` value and it is preloaded intentionally. @ http://localhost:3101/he/auth/login:0
[  118495ms] [INFO] %cDownload the React DevTools for a better development experience: https://react.dev/link/react-devtools font-weight:bold @ http://localhost:3101/_next/static/chunks/0yk2_next_dist_1dg-nc0._.js:843
[  118504ms] [LOG] [HMR] connected @ http://localhost:3101/_next/static/chunks/0yk2_next_dist_1dg-nc0._.js:843
[  118527ms] [WARNING] Image with src "/landing/screenshot-home.png" was detected as the Largest Contentful Paint (LCP). Please add the `loading="eager"` property if this image is above the fold.
Read more: https://nextjs.org/docs/app/api-reference/components/image#loading @ http://localhost:3101/_next/static/chunks/0yk2_next_dist_1dg-nc0._.js:843
[  118529ms] [LOG] %c[Vercel Web Analytics]%c Debug mode is enabled by default in development. No requests will be sent to the server. color: rgb(120, 120, 120) color: inherit @ http://localhost:3101/_next/static/chunks/0yk2_next_dist_1dg-nc0._.js:843
[  118529ms] [LOG] %c[Vercel Web Analytics]%c Running queued event color: rgb(120, 120, 120) color: inherit pageview {route: /[locale]/auth/login, path: /ar/auth/login} @ http://localhost:3101/_next/static/chunks/0yk2_next_dist_1dg-nc0._.js:843
[  118529ms] [LOG] %c[Vercel Web Analytics]%c Running queued event color: rgb(120, 120, 120) color: inherit pageview {route: /[locale]/auth/login, path: /ar/auth/login} @ http://localhost:3101/_next/static/chunks/0yk2_next_dist_1dg-nc0._.js:843
[  118529ms] [LOG] %c[Vercel Web Analytics]%c [view] http://localhost:3101/ar/auth/login color: rgb(120, 120, 120) color: inherit {o: http://localhost:3101/ar/auth/login, sv: 0.1.3, sdkn: @vercel/analytics/next, sdkv: 2.0.1, ts: 1784038763600} /_vercel/insights/view @ http://localhost:3101/_next/static/chunks/0yk2_next_dist_1dg-nc0._.js:843
[  118529ms] [LOG] %c[Vercel Web Analytics]%c [view] http://localhost:3101/ar/auth/login color: rgb(120, 120, 120) color: inherit {o: http://localhost:3101/ar/auth/login, sv: 0.1.3, sdkn: @vercel/analytics/next, sdkv: 2.0.1, ts: 1784038763600} /_vercel/insights/view @ http://localhost:3101/_next/static/chunks/0yk2_next_dist_1dg-nc0._.js:843
[  118530ms] [LOG] %c[Vercel Speed Insights]%c Debug mode is enabled by default in development. No requests will be sent to the server. color: rgb(120, 120, 120) color: inherit @ http://localhost:3101/_next/static/chunks/0yk2_next_dist_1dg-nc0._.js:843
[  122064ms] [WARNING] The resource http://localhost:3101/_next/static/chunks/src_app_%5Blocale%5D_error_module_0ht48c-.css was preloaded using link preload but not used within a few seconds from the window's load event. Please make sure it has an appropriate `as` value and it is preloaded intentionally. @ http://localhost:3101/ar/auth/login:0
[  122064ms] [WARNING] The resource http://localhost:3101/_next/static/chunks/src_components_NotFoundContent_module_0hvdp2m.css was preloaded using link preload but not used within a few seconds from the window's load event. Please make sure it has an appropriate `as` value and it is preloaded intentionally. @ http://localhost:3101/ar/auth/login:0
