Total messages: 10 (Errors: 0, Warnings: 2)
Returning 20 messages for level "warning"

[WARNING] Image with src "/landing/screenshot-home.png" was detected as the Largest Contentful Paint (LCP). Please add the `loading="eager"` property if this image is above the fold.
Read more: https://nextjs.org/docs/app/api-reference/components/image#loading @ http://localhost:3100/_next/static/chunks/0yk2_next_dist_1dg-nc0._.js:843
[WARNING] The resource http://localhost:3100/_next/static/chunks/src_components_NotFoundContent_module_0hvdp2m.css was preloaded using link preload but not used within a few seconds from the window's load event. Please make sure it has an appropriate `as` value and it is preloaded intentionally. @ http://localhost:3100/he/auth/login:0
[WARNING] The resource http://localhost:3100/_next/static/chunks/src_app_%5Blocale%5D_error_module_0ht48c-.css was preloaded using link preload but not used within a few seconds from the window's load event. Please make sure it has an appropriate `as` value and it is preloaded intentionally. @ http://localhost:3100/he/auth/login:0
[WARNING] The resource http://localhost:3100/_next/static/chunks/src_components_NotFoundContent_module_0hvdp2m.css was preloaded using link preload but not used within a few seconds from the window's load event. Please make sure it has an appropriate `as` value and it is preloaded intentionally. @ http://localhost:3100/he:0
[WARNING] The resource http://localhost:3100/_next/static/chunks/src_app_%5Blocale%5D_error_module_0ht48c-.css was preloaded using link preload but not used within a few seconds from the window's load event. Please make sure it has an appropriate `as` value and it is preloaded intentionally. @ http://localhost:3100/he:0
[WARNING] The resource http://localhost:3100/_next/static/chunks/src_0qp88ea._.css was preloaded using link preload but not used within a few seconds from the window's load event. Please make sure it has an appropriate `as` value and it is preloaded intentionally. @ http://localhost:3100/he:0
[WARNING] The resource http://localhost:3100/_next/static/chunks/src_components_NotFoundContent_module_0hvdp2m.css was preloaded using link preload but not used within a few seconds from the window's load event. Please make sure it has an appropriate `as` value and it is preloaded intentionally. @ http://localhost:3100/he:0
[WARNING] The resource http://localhost:3100/_next/static/chunks/src_app_%5Blocale%5D_error_module_0ht48c-.css was preloaded using link preload but not used within a few seconds from the window's load event. Please make sure it has an appropriate `as` value and it is preloaded intentionally. @ http://localhost:3100/he:0
[WARNING] The resource http://localhost:3100/_next/static/chunks/src_components_NotFoundContent_module_0hvdp2m.css was preloaded using link preload but not used within a few seconds from the window's load event. Please make sure it has an appropriate `as` value and it is preloaded intentionally. @ http://localhost:3100/he/topics/traffic-laws:0
[WARNING] The resource http://localhost:3100/_next/static/chunks/src_app_%5Blocale%5D_error_module_0ht48c-.css was preloaded using link preload but not used within a few seconds from the window's load event. Please make sure it has an appropriate `as` value and it is preloaded intentionally. @ http://localhost:3100/he/topics/traffic-laws:0
[WARNING] The resource http://localhost:3100/_next/static/chunks/src_components_NotFoundContent_module_0hvdp2m.css was preloaded using link preload but not used within a few seconds from the window's load event. Please make sure it has an appropriate `as` value and it is preloaded intentionally. @ http://localhost:3100/he/topics/traffic-laws:0
[WARNING] The resource http://localhost:3100/_next/static/chunks/src_app_%5Blocale%5D_error_module_0ht48c-.css was preloaded using link preload but not used within a few seconds from the window's load event. Please make sure it has an appropriate `as` value and it is preloaded intentionally. @ http://localhost:3100/he/topics/traffic-laws:0
[WARNING] The resource http://localhost:3100/_next/static/chunks/src_components_NotFoundContent_module_0hvdp2m.css was preloaded using link preload but not used within a few seconds from the window's load event. Please make sure it has an appropriate `as` value and it is preloaded intentionally. @ http://localhost:3100/he/topics/traffic-laws:0
[WARNING] The resource http://localhost:3100/_next/static/chunks/src_app_%5Blocale%5D_error_module_0ht48c-.css was preloaded using link preload but not used within a few seconds from the window's load event. Please make sure it has an appropriate `as` value and it is preloaded intentionally. @ http://localhost:3100/he/topics/traffic-laws:0
[WARNING] The resource http://localhost:3100/_next/static/chunks/src_components_NotFoundContent_module_0hvdp2m.css was preloaded using link preload but not used within a few seconds from the window's load event. Please make sure it has an appropriate `as` value and it is preloaded intentionally. @ http://localhost:3100/he/topics/traffic-laws:0
[WARNING] The resource http://localhost:3100/_next/static/chunks/src_app_%5Blocale%5D_error_module_0ht48c-.css was preloaded using link preload but not used within a few seconds from the window's load event. Please make sure it has an appropriate `as` value and it is preloaded intentionally. @ http://localhost:3100/he/topics/traffic-laws:0
[WARNING] The resource http://localhost:3100/_next/static/chunks/src_components_NotFoundContent_module_0hvdp2m.css was preloaded using link preload but not used within a few seconds from the window's load event. Please make sure it has an appropriate `as` value and it is preloaded intentionally. @ http://localhost:3100/he/topics/traffic-laws:0
[WARNING] The resource http://localhost:3100/_next/static/chunks/src_app_%5Blocale%5D_error_module_0ht48c-.css was preloaded using link preload but not used within a few seconds from the window's load event. Please make sure it has an appropriate `as` value and it is preloaded intentionally. @ http://localhost:3100/he/topics/traffic-laws:0
[WARNING] The resource http://localhost:3100/_next/static/chunks/src_components_NotFoundContent_module_0hvdp2m.css was preloaded using link preload but not used within a few seconds from the window's load event. Please make sure it has an appropriate `as` value and it is preloaded intentionally. @ http://localhost:3100/he:0
[WARNING] The resource http://localhost:3100/_next/static/chunks/src_app_%5Blocale%5D_error_module_0ht48c-.css was preloaded using link preload but not used within a few seconds from the window's load event. Please make sure it has an appropriate `as` value and it is preloaded intentionally. @ http://localhost:3100/he:0