## Network requests
Showing 1-996 of 996 (Page 1 of 1).
reqid=122 GET http://localhost:3100/he/topics/traffic-laws [200]
reqid=123 GET http://localhost:3100/_next/static/chunks/0yk2_next_1aujrzs._.js [200]
reqid=124 GET http://localhost:3100/_next/static/chunks/src_components_0qe19rb._.js [200]
reqid=125 GET http://localhost:3100/js/quiz.js [200]
reqid=126 GET http://localhost:3100/js/bookmark.js [200]
reqid=127 GET http://localhost:3100/_next/static/chunks/0yk2_next_1aujrzs._.js [200]
reqid=128 GET http://localhost:3100/_next/static/chunks/src_components_0qe19rb._.js [200]
reqid=129 GET http://localhost:3100/manifest.webmanifest [200]
reqid=130 GET http://localhost:3100/icons/icon-192.png [200]
reqid=131 GET http://localhost:3100/_next/static/media/098850a6eb1f8577-s.p.1e7lfzpvfrh7f.woff2 [200]
reqid=132 GET http://localhost:3100/_next/static/media/87c7f5b5afcd23bd-s.p.0kf5m0zv7sxld.woff2 [200]
reqid=133 GET http://localhost:3100/_next/static/media/c9f6ebf08ddd616b-s.p.0sv86lbjkn8rn.woff2 [200]
reqid=134 GET http://localhost:3100/_next/static/chunks/%5Broot-of-the-server%5D__0ixu0vp._.css [200]
reqid=135 GET http://localhost:3100/_next/static/chunks/src_0qp88ea._.css [200]
reqid=136 GET http://localhost:3100/_next/static/chunks/%5Bturbopack%5D_browser_dev_hmr-client_hmr-client_ts_06axc6-._.js [200]
reqid=137 GET http://localhost:3100/_next/static/chunks/0yk2_next_dist_compiled_next-devtools_index_05o_kiy.js [200]
reqid=138 GET http://localhost:3100/_next/static/chunks/0yk2_next_dist_compiled_react-dom_1s86q_3._.js [200]
reqid=139 GET http://localhost:3100/_next/static/chunks/0yk2_next_dist_compiled_react-server-dom-turbopack_0_t5mn0._.js [200]
reqid=140 GET http://localhost:3100/_next/static/chunks/0yk2_next_dist_compiled_1xsejgl._.js [200]
reqid=141 GET http://localhost:3100/_next/static/chunks/0yk2_next_dist_client_1wtmkyr._.js [200]
reqid=142 GET http://localhost:3100/_next/static/chunks/0yk2_next_dist_server_1166v3_._.js [200]
reqid=143 GET http://localhost:3100/_next/static/chunks/0yk2_next_dist_1dg-nc0._.js [200]
reqid=144 GET http://localhost:3100/_next/static/chunks/0vvp_%40swc_helpers_cjs_0vb02wp._.js [200]
reqid=145 GET http://localhost:3100/_next/static/chunks/_1anvha4._.js [200]
reqid=146 GET http://localhost:3100/_next/static/chunks/turbopack-_1ntuw5w._.js [200]
reqid=147 GET http://localhost:3100/_next/static/chunks/_19sy9ow._.js [200]
reqid=148 GET http://localhost:3100/_next/static/chunks/0yk2_next_dist_0l98or3._.js [200]
reqid=149 GET http://localhost:3100/_next/static/chunks/node_modules__pnpm_1-yl7b2._.js [200]
reqid=150 GET http://localhost:3100/_next/static/chunks/_0adiz2_._.js [200]
reqid=151 GET http://localhost:3100/_next/static/chunks/0yk2_next_1aujrzs._.js [200]
reqid=152 GET http://localhost:3100/_next/static/chunks/src_components_0qe19rb._.js [200]
reqid=153 GET http://localhost:3100/_next/static/chunks/%5Broot-of-the-server%5D__1s1_52h._.css [200]
reqid=154 GET http://localhost:3100/js/quiz.js [200]
reqid=155 GET http://localhost:3100/js/bookmark.js [200]
reqid=156 GET https://fonts.googleapis.com/css2?family=Rubik:wght@400;500;600;700;800&display=swap [200]
reqid=157 GET http://localhost:3100/manifest.webmanifest [200]
reqid=158 GET http://localhost:3100/_next/static/chunks/%5Bturbopack%5D_browser_dev_hmr-client_hmr-client_ts_1mojsay._.js [200]
reqid=159 GET http://localhost:3100/__nextjs_font/geist-latin.woff2 [200]
reqid=160 GET http://localhost:3100/_next/static/chunks/src_app_%5Blocale%5D_error_module_0ht48c-.css [200]
reqid=161 GET http://localhost:3100/_next/static/chunks/src_components_NotFoundContent_module_0hvdp2m.css [200]
reqid=162 GET http://localhost:3100/icons/icon-192.png [200]
reqid=163 GET https://va.vercel-scripts.com/v1/script.debug.js [200]
reqid=164 GET https://va.vercel-scripts.com/v1/speed-insights/script.debug.js [200]
reqid=165 POST http://localhost:3100/api/quiz [200]
reqid=166 POST http://localhost:3100/api/quiz [200]
reqid=167 POST http://localhost:3100/api/quiz [200]
reqid=168 POST http://localhost:3100/api/quiz [200]
reqid=169 POST http://localhost:3100/api/quiz [200]
reqid=170 POST http://localhost:3100/api/quiz [200]
reqid=171 POST http://localhost:3100/api/quiz [200]
reqid=172 POST http://localhost:3100/api/quiz [200]
reqid=173 POST http://localhost:3100/api/quiz [200]
reqid=174 POST http://localhost:3100/api/quiz [200]
reqid=175 POST http://localhost:3100/api/quiz [200]
reqid=176 GET http://localhost:3100/_next/image?url=%2Fquestions%2F3012.jpg&w=1080&q=75 [200]
reqid=177 POST http://localhost:3100/api/quiz [200]
reqid=178 POST http://localhost:3100/api/quiz [200]
reqid=179 POST http://localhost:3100/api/quiz [200]
reqid=180 POST http://localhost:3100/api/quiz [200]
reqid=181 POST http://localhost:3100/api/quiz [200]
reqid=182 GET http://localhost:3100/_next/image?url=%2Fquestions%2F3018.jpg&w=1080&q=75 [200]
reqid=183 POST http://localhost:3100/api/quiz [200]
reqid=184 POST http://localhost:3100/api/quiz [200]
reqid=185 POST http://localhost:3100/api/quiz [200]
reqid=186 POST http://localhost:3100/api/quiz [200]
reqid=187 POST http://localhost:3100/api/quiz [200]
reqid=188 POST http://localhost:3100/api/quiz [200]
reqid=189 POST http://localhost:3100/api/quiz [200]
reqid=190 POST http://localhost:3100/api/quiz [200]
reqid=191 POST http://localhost:3100/api/quiz [200]
reqid=192 POST http://localhost:3100/api/quiz [200]
reqid=193 POST http://localhost:3100/api/quiz [200]
reqid=194 POST http://localhost:3100/api/quiz [200]
reqid=195 POST http://localhost:3100/api/quiz [200]
reqid=196 POST http://localhost:3100/api/quiz [200]
reqid=197 POST http://localhost:3100/api/quiz [200]
reqid=198 POST http://localhost:3100/api/quiz [200]
reqid=199 POST http://localhost:3100/api/quiz [200]
reqid=200 POST http://localhost:3100/api/quiz [200]
reqid=201 POST http://localhost:3100/api/quiz [200]
reqid=202 POST http://localhost:3100/api/quiz [200]
reqid=203 POST http://localhost:3100/api/quiz [200]
reqid=204 POST http://localhost:3100/api/quiz [429]
reqid=205 POST http://localhost:3100/api/quiz [429]
reqid=206 POST http://localhost:3100/api/quiz [429]
reqid=207 POST http://localhost:3100/api/quiz [429]
reqid=208 POST http://localhost:3100/api/quiz [429]
reqid=209 POST http://localhost:3100/api/quiz [429]
reqid=210 POST http://localhost:3100/api/quiz [429]
reqid=211 POST http://localhost:3100/api/quiz [429]
reqid=212 POST http://localhost:3100/api/quiz [429]
reqid=213 POST http://localhost:3100/api/quiz [429]
reqid=214 POST http://localhost:3100/api/quiz [429]
reqid=215 POST http://localhost:3100/api/quiz [429]
reqid=216 POST http://localhost:3100/api/quiz [429]
reqid=217 POST http://localhost:3100/api/quiz [429]
reqid=218 POST http://localhost:3100/api/quiz [429]
reqid=219 POST http://localhost:3100/api/quiz [429]
reqid=220 POST http://localhost:3100/api/quiz [429]
reqid=221 POST http://localhost:3100/api/quiz [200]
reqid=222 GET http://localhost:3100/_next/image?url=%2Fquestions%2F3046.jpg&w=1080&q=75 [200]
reqid=223 POST http://localhost:3100/api/quiz [200]
reqid=224 POST http://localhost:3100/api/quiz [200]
reqid=225 POST http://localhost:3100/api/quiz [200]
reqid=226 POST http://localhost:3100/api/quiz [200]
reqid=227 POST http://localhost:3100/api/quiz [200]
reqid=228 POST http://localhost:3100/api/quiz [200]
reqid=229 POST http://localhost:3100/api/quiz [200]
reqid=230 POST http://localhost:3100/api/quiz [200]
reqid=231 POST http://localhost:3100/api/quiz [200]
reqid=232 POST http://localhost:3100/api/quiz [200]
reqid=233 POST http://localhost:3100/api/quiz [200]
reqid=234 POST http://localhost:3100/api/quiz [200]
reqid=235 POST http://localhost:3100/api/quiz [200]
reqid=236 POST http://localhost:3100/api/quiz [200]
reqid=237 POST http://localhost:3100/api/quiz [200]
reqid=238 POST http://localhost:3100/api/quiz [200]
reqid=239 POST http://localhost:3100/api/quiz [200]
reqid=240 POST http://localhost:3100/api/quiz [200]
reqid=241 POST http://localhost:3100/api/quiz [200]
reqid=242 POST http://localhost:3100/api/quiz [429]
reqid=243 POST http://localhost:3100/api/quiz [429]
reqid=244 POST http://localhost:3100/api/quiz [429]
reqid=245 POST http://localhost:3100/api/quiz [429]
reqid=246 POST http://localhost:3100/api/quiz [429]
reqid=247 POST http://localhost:3100/api/quiz [429]
reqid=248 POST http://localhost:3100/api/quiz [429]
reqid=249 POST http://localhost:3100/api/quiz [429]
reqid=250 POST http://localhost:3100/api/quiz [429]
reqid=251 POST http://localhost:3100/api/quiz [429]
reqid=252 POST http://localhost:3100/api/quiz [429]
reqid=253 POST http://localhost:3100/api/quiz [429]
reqid=254 POST http://localhost:3100/api/quiz [200]
reqid=255 POST http://localhost:3100/api/quiz [200]
reqid=256 POST http://localhost:3100/api/quiz [200]
reqid=257 POST http://localhost:3100/api/quiz [200]
reqid=258 POST http://localhost:3100/api/quiz [200]
reqid=259 POST http://localhost:3100/api/quiz [200]
reqid=260 POST http://localhost:3100/api/quiz [200]
reqid=261 POST http://localhost:3100/api/quiz [200]
reqid=262 POST http://localhost:3100/api/quiz [200]
reqid=263 POST http://localhost:3100/api/quiz [200]
reqid=264 POST http://localhost:3100/api/quiz [200]
reqid=265 POST http://localhost:3100/api/quiz [200]
reqid=266 POST http://localhost:3100/api/quiz [200]
reqid=267 POST http://localhost:3100/api/quiz [200]
reqid=268 GET http://localhost:3100/_next/image?url=%2Fquestions%2F3079.jpg&w=1080&q=75 [200]
reqid=269 POST http://localhost:3100/api/quiz [200]
reqid=270 POST http://localhost:3100/api/quiz [200]
reqid=271 POST http://localhost:3100/api/quiz [200]
reqid=272 GET http://localhost:3100/_next/image?url=%2Fquestions%2F3082.jpg&w=1080&q=75 [200]
reqid=273 POST http://localhost:3100/api/quiz [200]
reqid=274 POST http://localhost:3100/api/quiz [200]
reqid=275 GET http://localhost:3100/_next/image?url=%2Fquestions%2F3084.jpg&w=1080&q=75 [200]
reqid=276 POST http://localhost:3100/api/quiz [200]
reqid=277 GET http://localhost:3100/_next/image?url=%2Fquestions%2F3085.jpg&w=1080&q=75 [200]
reqid=278 POST http://localhost:3100/api/quiz [429]
reqid=279 POST http://localhost:3100/api/quiz [429]
reqid=280 POST http://localhost:3100/api/quiz [429]
reqid=281 POST http://localhost:3100/api/quiz [429]
reqid=282 POST http://localhost:3100/api/quiz [429]
reqid=283 POST http://localhost:3100/api/quiz [429]
reqid=284 POST http://localhost:3100/api/quiz [429]
reqid=285 POST http://localhost:3100/api/quiz [429]
reqid=286 POST http://localhost:3100/api/quiz [429]
reqid=287 POST http://localhost:3100/api/quiz [429]
reqid=288 POST http://localhost:3100/api/quiz [429]
reqid=289 POST http://localhost:3100/api/quiz [429]
reqid=290 POST http://localhost:3100/api/quiz [429]
reqid=291 POST http://localhost:3100/api/quiz [429]
reqid=292 POST http://localhost:3100/api/quiz [429]
reqid=293 POST http://localhost:3100/api/quiz [200]
reqid=294 POST http://localhost:3100/api/quiz [200]
reqid=295 POST http://localhost:3100/api/quiz [200]
reqid=296 POST http://localhost:3100/api/quiz [200]
reqid=297 POST http://localhost:3100/api/quiz [200]
reqid=298 POST http://localhost:3100/api/quiz [200]
reqid=299 POST http://localhost:3100/api/quiz [200]
reqid=300 GET http://localhost:3100/_next/image?url=%2Fquestions%2F3094.jpg&w=1080&q=75 [200]
reqid=301 POST http://localhost:3100/api/quiz [200]
reqid=302 POST http://localhost:3100/api/quiz [200]
reqid=303 POST http://localhost:3100/api/quiz [200]
reqid=304 POST http://localhost:3100/api/quiz [200]
reqid=305 POST http://localhost:3100/api/quiz [200]
reqid=306 POST http://localhost:3100/api/quiz [200]
reqid=307 POST http://localhost:3100/api/quiz [200]
reqid=308 POST http://localhost:3100/api/quiz [200]
reqid=309 POST http://localhost:3100/api/quiz [200]
reqid=310 POST http://localhost:3100/api/quiz [200]
reqid=311 POST http://localhost:3100/api/quiz [200]
reqid=312 GET http://localhost:3100/_next/image?url=%2Fquestions%2F3105.jpg&w=1080&q=75 [200]
reqid=313 POST http://localhost:3100/api/quiz [200]
reqid=314 GET http://localhost:3100/_next/image?url=%2Fquestions%2F3106.jpg&w=1080&q=75 [200]
reqid=315 POST http://localhost:3100/api/quiz [200]
reqid=316 POST http://localhost:3100/api/quiz [429]
reqid=317 POST http://localhost:3100/api/quiz [429]
reqid=318 POST http://localhost:3100/api/quiz [429]
reqid=319 POST http://localhost:3100/api/quiz [429]
reqid=320 POST http://localhost:3100/api/quiz [429]
reqid=321 POST http://localhost:3100/api/quiz [429]
reqid=322 POST http://localhost:3100/api/quiz [429]
reqid=323 POST http://localhost:3100/api/quiz [429]
reqid=324 POST http://localhost:3100/api/quiz [429]
reqid=325 POST http://localhost:3100/api/quiz [429]
reqid=326 POST http://localhost:3100/api/quiz [429]
reqid=327 POST http://localhost:3100/api/quiz [429]
reqid=328 POST http://localhost:3100/api/quiz [429]
reqid=329 POST http://localhost:3100/api/quiz [429]
reqid=330 POST http://localhost:3100/api/quiz [429]
reqid=331 POST http://localhost:3100/api/quiz [429]
reqid=332 POST http://localhost:3100/api/quiz [429]
reqid=333 POST http://localhost:3100/api/quiz [429]
reqid=334 POST http://localhost:3100/api/quiz [200]
reqid=335 GET http://localhost:3100/_next/image?url=%2Fquestions%2F3108.jpg&w=1080&q=75 [200]
reqid=336 POST http://localhost:3100/api/quiz [200]
reqid=337 POST http://localhost:3100/api/quiz [200]
reqid=338 GET http://localhost:3100/_next/image?url=%2Fquestions%2F3110.jpg&w=1080&q=75 [200]
reqid=339 POST http://localhost:3100/api/quiz [200]
reqid=340 GET http://localhost:3100/_next/image?url=%2Fquestions%2F3111.jpg&w=1080&q=75 [200]
reqid=341 POST http://localhost:3100/api/quiz [200]
reqid=342 GET http://localhost:3100/_next/image?url=%2Fquestions%2F3112.jpg&w=1080&q=75 [200]
reqid=343 POST http://localhost:3100/api/quiz [200]
reqid=344 GET http://localhost:3100/_next/image?url=%2Fquestions%2F3113.jpg&w=1080&q=75 [200]
reqid=345 POST http://localhost:3100/api/quiz [200]
reqid=346 GET http://localhost:3100/_next/image?url=%2Fquestions%2F3114.jpg&w=1080&q=75 [200]
reqid=347 POST http://localhost:3100/api/quiz [200]
reqid=348 GET http://localhost:3100/_next/image?url=%2Fquestions%2F3115.jpg&w=1080&q=75 [200]
reqid=349 POST http://localhost:3100/api/quiz [200]
reqid=350 GET http://localhost:3100/_next/image?url=%2Fquestions%2F3116.jpg&w=1080&q=75 [200]
reqid=351 POST http://localhost:3100/api/quiz [200]
reqid=352 POST http://localhost:3100/api/quiz [200]
reqid=353 POST http://localhost:3100/api/quiz [200]
reqid=354 POST http://localhost:3100/api/quiz [200]
reqid=355 GET http://localhost:3100/_next/image?url=%2Fquestions%2F3120.jpg&w=1080&q=75 [200]
reqid=356 POST http://localhost:3100/api/quiz [200]
reqid=357 POST http://localhost:3100/api/quiz [200]
reqid=358 POST http://localhost:3100/api/quiz [200]
reqid=359 POST http://localhost:3100/api/quiz [200]
reqid=360 POST http://localhost:3100/api/quiz [200]
reqid=361 POST http://localhost:3100/api/quiz [200]
reqid=362 POST http://localhost:3100/api/quiz [200]
reqid=363 POST http://localhost:3100/api/quiz [429]
reqid=364 POST http://localhost:3100/api/quiz [429]
reqid=365 POST http://localhost:3100/api/quiz [429]
reqid=366 POST http://localhost:3100/api/quiz [429]
reqid=367 POST http://localhost:3100/api/quiz [429]
reqid=368 POST http://localhost:3100/api/quiz [429]
reqid=369 POST http://localhost:3100/api/quiz [200]
reqid=370 POST http://localhost:3100/api/quiz [200]
reqid=371 POST http://localhost:3100/api/quiz [200]
reqid=372 POST http://localhost:3100/api/quiz [200]
reqid=373 POST http://localhost:3100/api/quiz [200]
reqid=374 GET http://localhost:3100/_next/image?url=%2Fquestions%2F3132.jpg&w=1080&q=75 [200]
reqid=375 POST http://localhost:3100/api/quiz [200]
reqid=376 POST http://localhost:3100/api/quiz [200]
reqid=377 POST http://localhost:3100/api/quiz [200]
reqid=378 POST http://localhost:3100/api/quiz [200]
reqid=379 POST http://localhost:3100/api/quiz [200]
reqid=380 GET http://localhost:3100/_next/image?url=%2Fquestions%2F3138.jpg&w=1080&q=75 [200]
reqid=381 POST http://localhost:3100/api/quiz [200]
reqid=382 GET http://localhost:3100/_next/image?url=%2Fquestions%2F3139.jpg&w=1080&q=75 [200]
reqid=383 POST http://localhost:3100/api/quiz [200]
reqid=384 POST http://localhost:3100/api/quiz [200]
reqid=385 POST http://localhost:3100/api/quiz [200]
reqid=386 POST http://localhost:3100/api/quiz [200]
reqid=387 GET http://localhost:3100/_next/image?url=%2Fquestions%2F3567.jpg&w=1080&q=75 [200]
reqid=388 POST http://localhost:3100/api/quiz [200]
reqid=389 POST http://localhost:3100/api/quiz [200]
reqid=390 POST http://localhost:3100/api/quiz [200]
reqid=391 POST http://localhost:3100/api/quiz [200]
reqid=392 POST http://localhost:3100/api/quiz [200]
reqid=393 POST http://localhost:3100/api/quiz [429]
reqid=394 POST http://localhost:3100/api/quiz [429]
reqid=395 POST http://localhost:3100/api/quiz [429]
reqid=396 POST http://localhost:3100/api/quiz [429]
reqid=397 POST http://localhost:3100/api/quiz [429]
reqid=398 POST http://localhost:3100/api/quiz [429]
reqid=399 POST http://localhost:3100/api/quiz [429]
reqid=400 POST http://localhost:3100/api/quiz [429]
reqid=401 POST http://localhost:3100/api/quiz [429]
reqid=402 POST http://localhost:3100/api/quiz [429]
reqid=403 POST http://localhost:3100/api/quiz [429]
reqid=404 POST http://localhost:3100/api/quiz [429]
reqid=405 POST http://localhost:3100/api/quiz [429]
reqid=406 POST http://localhost:3100/api/quiz [429]
reqid=407 POST http://localhost:3100/api/quiz [429]
reqid=408 POST http://localhost:3100/api/quiz [429]
reqid=409 POST http://localhost:3100/api/quiz [429]
reqid=410 POST http://localhost:3100/api/quiz [429]
reqid=411 POST http://localhost:3100/api/quiz [429]
reqid=412 POST http://localhost:3100/api/quiz [429]
reqid=413 POST http://localhost:3100/api/quiz [429]
reqid=414 POST http://localhost:3100/api/quiz [429]
reqid=415 POST http://localhost:3100/api/quiz [429]
reqid=416 POST http://localhost:3100/api/quiz [200]
reqid=417 GET http://localhost:3100/_next/image?url=%2Fquestions%2F3154.jpg&w=1080&q=75 [200]
reqid=418 POST http://localhost:3100/api/quiz [200]
reqid=419 GET http://localhost:3100/_next/image?url=%2Fquestions%2F3155.jpg&w=1080&q=75 [200]
reqid=420 POST http://localhost:3100/api/quiz [200]
reqid=421 POST http://localhost:3100/api/quiz [200]
reqid=422 POST http://localhost:3100/api/quiz [200]
reqid=423 GET http://localhost:3100/_next/image?url=%2Fquestions%2F3158.jpg&w=1080&q=75 [200]
reqid=424 POST http://localhost:3100/api/quiz [200]
reqid=425 POST http://localhost:3100/api/quiz [200]
reqid=426 GET http://localhost:3100/_next/image?url=%2Fquestions%2F3160.jpg&w=1080&q=75 [200]
reqid=427 POST http://localhost:3100/api/quiz [200]
reqid=428 POST http://localhost:3100/api/quiz [200]
reqid=429 POST http://localhost:3100/api/quiz [200]
reqid=430 POST http://localhost:3100/api/quiz [200]
reqid=431 POST http://localhost:3100/api/quiz [200]
reqid=432 POST http://localhost:3100/api/quiz [200]
reqid=433 POST http://localhost:3100/api/quiz [200]
reqid=434 POST http://localhost:3100/api/quiz [200]
reqid=435 POST http://localhost:3100/api/quiz [200]
reqid=436 POST http://localhost:3100/api/quiz [200]
reqid=437 POST http://localhost:3100/api/quiz [200]
reqid=438 POST http://localhost:3100/api/quiz [200]
reqid=439 POST http://localhost:3100/api/quiz [200]
reqid=440 POST http://localhost:3100/api/quiz [429]
reqid=441 POST http://localhost:3100/api/quiz [429]
reqid=442 POST http://localhost:3100/api/quiz [429]
reqid=443 POST http://localhost:3100/api/quiz [429]
reqid=444 POST http://localhost:3100/api/quiz [429]
reqid=445 POST http://localhost:3100/api/quiz [429]
reqid=446 POST http://localhost:3100/api/quiz [429]
reqid=447 POST http://localhost:3100/api/quiz [429]
reqid=448 POST http://localhost:3100/api/quiz [429]
reqid=449 POST http://localhost:3100/api/quiz [429]
reqid=450 POST http://localhost:3100/api/quiz [429]
reqid=451 POST http://localhost:3100/api/quiz [429]
reqid=452 POST http://localhost:3100/api/quiz [429]
reqid=453 POST http://localhost:3100/api/quiz [429]
reqid=454 POST http://localhost:3100/api/quiz [429]
reqid=455 POST http://localhost:3100/api/quiz [429]
reqid=456 POST http://localhost:3100/api/quiz [429]
reqid=457 POST http://localhost:3100/api/quiz [429]
reqid=458 POST http://localhost:3100/api/quiz [429]
reqid=459 POST http://localhost:3100/api/quiz [429]
reqid=460 POST http://localhost:3100/api/quiz [429]
reqid=461 POST http://localhost:3100/api/quiz [429]
reqid=462 POST http://localhost:3100/api/quiz [200]
reqid=463 POST http://localhost:3100/api/quiz [200]
reqid=464 POST http://localhost:3100/api/quiz [200]
reqid=465 GET http://localhost:3100/_next/image?url=%2Fquestions%2F3176.jpg&w=1080&q=75 [200]
reqid=466 POST http://localhost:3100/api/quiz [200]
reqid=467 POST http://localhost:3100/api/quiz [200]
reqid=468 POST http://localhost:3100/api/quiz [200]
reqid=469 POST http://localhost:3100/api/quiz [200]
reqid=470 POST http://localhost:3100/api/quiz [200]
reqid=471 GET http://localhost:3100/_next/image?url=%2Fquestions%2F3190.jpg&w=1080&q=75 [200]
reqid=472 POST http://localhost:3100/api/quiz [200]
reqid=473 POST http://localhost:3100/api/quiz [200]
reqid=474 POST http://localhost:3100/api/quiz [200]
reqid=475 GET http://localhost:3100/_next/image?url=%2Fquestions%2F3896.jpg&w=1080&q=75 [200]
reqid=476 POST http://localhost:3100/api/quiz [200]
reqid=477 GET http://localhost:3100/_next/image?url=%2Fquestions%2F3147.jpg&w=1080&q=75 [200]
reqid=478 POST http://localhost:3100/api/quiz [200]
reqid=479 POST http://localhost:3100/api/quiz [200]
reqid=480 POST http://localhost:3100/api/quiz [200]
reqid=481 POST http://localhost:3100/api/quiz [200]
reqid=482 POST http://localhost:3100/api/quiz [200]
reqid=483 POST http://localhost:3100/api/quiz [200]
reqid=484 POST http://localhost:3100/api/quiz [200]
reqid=485 POST http://localhost:3100/api/quiz [200]
reqid=486 POST http://localhost:3100/api/quiz [429]
reqid=487 POST http://localhost:3100/api/quiz [429]
reqid=488 POST http://localhost:3100/api/quiz [429]
reqid=489 POST http://localhost:3100/api/quiz [429]
reqid=490 POST http://localhost:3100/api/quiz [429]
reqid=491 POST http://localhost:3100/api/quiz [429]
reqid=492 POST http://localhost:3100/api/quiz [429]
reqid=493 POST http://localhost:3100/api/quiz [429]
reqid=494 POST http://localhost:3100/api/quiz [429]
reqid=495 POST http://localhost:3100/api/quiz [429]
reqid=496 POST http://localhost:3100/api/quiz [429]
reqid=497 POST http://localhost:3100/api/quiz [429]
reqid=498 POST http://localhost:3100/api/quiz [429]
reqid=499 POST http://localhost:3100/api/quiz [200]
reqid=500 GET http://localhost:3100/_next/image?url=%2Fquestions%2F3205.jpg&w=1080&q=75 [200]
reqid=501 POST http://localhost:3100/api/quiz [200]
reqid=502 POST http://localhost:3100/api/quiz [200]
reqid=503 GET http://localhost:3100/_next/image?url=%2Fquestions%2F3207.jpg&w=1080&q=75 [200]
reqid=504 POST http://localhost:3100/api/quiz [200]
reqid=505 GET http://localhost:3100/_next/image?url=%2Fquestions%2F3208.jpg&w=1080&q=75 [200]
reqid=506 POST http://localhost:3100/api/quiz [200]
reqid=507 POST http://localhost:3100/api/quiz [200]
reqid=508 GET http://localhost:3100/_next/image?url=%2Fquestions%2F3210.jpg&w=1080&q=75 [200]
reqid=509 POST http://localhost:3100/api/quiz [200]
reqid=510 GET http://localhost:3100/_next/image?url=%2Fquestions%2F3211.jpg&w=1080&q=75 [200]
reqid=511 POST http://localhost:3100/api/quiz [200]
reqid=512 POST http://localhost:3100/api/quiz [200]
reqid=513 POST http://localhost:3100/api/quiz [200]
reqid=514 GET http://localhost:3100/_next/image?url=%2Fquestions%2F3214.jpg&w=1080&q=75 [200]
reqid=515 POST http://localhost:3100/api/quiz [200]
reqid=516 GET http://localhost:3100/_next/image?url=%2Fquestions%2F3216.jpg&w=1080&q=75 [200]
reqid=517 POST http://localhost:3100/api/quiz [200]
reqid=518 POST http://localhost:3100/api/quiz [200]
reqid=519 POST http://localhost:3100/api/quiz [200]
reqid=520 POST http://localhost:3100/api/quiz [200]
reqid=521 POST http://localhost:3100/api/quiz [200]
reqid=522 POST http://localhost:3100/api/quiz [200]
reqid=523 POST http://localhost:3100/api/quiz [200]
reqid=524 POST http://localhost:3100/api/quiz [200]
reqid=525 POST http://localhost:3100/api/quiz [200]
reqid=526 GET http://localhost:3100/_next/image?url=%2Fquestions%2F3225.jpg&w=1080&q=75 [200]
reqid=527 POST http://localhost:3100/api/quiz [429]
reqid=528 POST http://localhost:3100/api/quiz [429]
reqid=529 POST http://localhost:3100/api/quiz [429]
reqid=530 POST http://localhost:3100/api/quiz [429]
reqid=531 POST http://localhost:3100/api/quiz [429]
reqid=532 POST http://localhost:3100/api/quiz [429]
reqid=533 POST http://localhost:3100/api/quiz [429]
reqid=534 POST http://localhost:3100/api/quiz [429]
reqid=535 POST http://localhost:3100/api/quiz [429]
reqid=536 POST http://localhost:3100/api/quiz [429]
reqid=537 POST http://localhost:3100/api/quiz [429]
reqid=538 POST http://localhost:3100/api/quiz [429]
reqid=539 POST http://localhost:3100/api/quiz [429]
reqid=540 POST http://localhost:3100/api/quiz [429]
reqid=541 POST http://localhost:3100/api/quiz [429]
reqid=542 POST http://localhost:3100/api/quiz [429]
reqid=543 POST http://localhost:3100/api/quiz [429]
reqid=544 POST http://localhost:3100/api/quiz [429]
reqid=545 POST http://localhost:3100/api/quiz [429]
reqid=546 POST http://localhost:3100/api/quiz [200]
reqid=547 POST http://localhost:3100/api/quiz [200]
reqid=548 GET http://localhost:3100/_next/image?url=%2Fquestions%2F3227.jpg&w=1080&q=75 [200]
reqid=549 POST http://localhost:3100/api/quiz [200]
reqid=550 POST http://localhost:3100/api/quiz [200]
reqid=551 POST http://localhost:3100/api/quiz [200]
reqid=552 POST http://localhost:3100/api/quiz [200]
reqid=553 POST http://localhost:3100/api/quiz [200]
reqid=554 POST http://localhost:3100/api/quiz [200]
reqid=555 POST http://localhost:3100/api/quiz [200]
reqid=556 POST http://localhost:3100/api/quiz [200]
reqid=557 POST http://localhost:3100/api/quiz [200]
reqid=558 POST http://localhost:3100/api/quiz [200]
reqid=559 POST http://localhost:3100/api/quiz [200]
reqid=560 POST http://localhost:3100/api/quiz [200]
reqid=561 POST http://localhost:3100/api/quiz [200]
reqid=562 POST http://localhost:3100/api/quiz [200]
reqid=563 POST http://localhost:3100/api/quiz [200]
reqid=564 GET http://localhost:3100/_next/image?url=%2Fquestions%2F3242.jpg&w=1080&q=75 [200]
reqid=565 POST http://localhost:3100/api/quiz [200]
reqid=566 POST http://localhost:3100/api/quiz [200]
reqid=567 POST http://localhost:3100/api/quiz [200]
reqid=568 POST http://localhost:3100/api/quiz [429]
reqid=569 POST http://localhost:3100/api/quiz [429]
reqid=570 POST http://localhost:3100/api/quiz [429]
reqid=571 POST http://localhost:3100/api/quiz [429]
reqid=572 POST http://localhost:3100/api/quiz [429]
reqid=573 POST http://localhost:3100/api/quiz [429]
reqid=574 POST http://localhost:3100/api/quiz [429]
reqid=575 POST http://localhost:3100/api/quiz [429]
reqid=576 POST http://localhost:3100/api/quiz [429]
reqid=577 POST http://localhost:3100/api/quiz [429]
reqid=578 POST http://localhost:3100/api/quiz [429]
reqid=579 POST http://localhost:3100/api/quiz [429]
reqid=580 POST http://localhost:3100/api/quiz [429]
reqid=581 POST http://localhost:3100/api/quiz [429]
reqid=582 POST http://localhost:3100/api/quiz [429]
reqid=583 POST http://localhost:3100/api/quiz [429]
reqid=584 POST http://localhost:3100/api/quiz [200]
reqid=585 POST http://localhost:3100/api/quiz [200]
reqid=586 POST http://localhost:3100/api/quiz [200]
reqid=587 POST http://localhost:3100/api/quiz [200]
reqid=588 POST http://localhost:3100/api/quiz [200]
reqid=589 POST http://localhost:3100/api/quiz [200]
reqid=590 POST http://localhost:3100/api/quiz [200]
reqid=591 POST http://localhost:3100/api/quiz [200]
reqid=592 POST http://localhost:3100/api/quiz [200]
reqid=593 POST http://localhost:3100/api/quiz [200]
reqid=594 POST http://localhost:3100/api/quiz [200]
reqid=595 POST http://localhost:3100/api/quiz [200]
reqid=596 POST http://localhost:3100/api/quiz [200]
reqid=597 POST http://localhost:3100/api/quiz [200]
reqid=598 POST http://localhost:3100/api/quiz [200]
reqid=599 POST http://localhost:3100/api/quiz [200]
reqid=600 POST http://localhost:3100/api/quiz [200]
reqid=601 POST http://localhost:3100/api/quiz [200]
reqid=602 POST http://localhost:3100/api/quiz [200]
reqid=603 POST http://localhost:3100/api/quiz [200]
reqid=604 POST http://localhost:3100/api/quiz [429]
reqid=605 POST http://localhost:3100/api/quiz [429]
reqid=606 POST http://localhost:3100/api/quiz [429]
reqid=607 POST http://localhost:3100/api/quiz [429]
reqid=608 POST http://localhost:3100/api/quiz [429]
reqid=609 POST http://localhost:3100/api/quiz [429]
reqid=610 POST http://localhost:3100/api/quiz [429]
reqid=611 POST http://localhost:3100/api/quiz [429]
reqid=612 POST http://localhost:3100/api/quiz [429]
reqid=613 POST http://localhost:3100/api/quiz [429]
reqid=614 POST http://localhost:3100/api/quiz [429]
reqid=615 POST http://localhost:3100/api/quiz [429]
reqid=616 POST http://localhost:3100/api/quiz [429]
reqid=617 POST http://localhost:3100/api/quiz [429]
reqid=618 POST http://localhost:3100/api/quiz [429]
reqid=619 POST http://localhost:3100/api/quiz [429]
reqid=620 POST http://localhost:3100/api/quiz [429]
reqid=621 POST http://localhost:3100/api/quiz [429]
reqid=622 POST http://localhost:3100/api/quiz [429]
reqid=623 POST http://localhost:3100/api/quiz [200]
reqid=624 POST http://localhost:3100/api/quiz [200]
reqid=625 POST http://localhost:3100/api/quiz [200]
reqid=626 POST http://localhost:3100/api/quiz [200]
reqid=627 POST http://localhost:3100/api/quiz [200]
reqid=628 POST http://localhost:3100/api/quiz [200]
reqid=629 POST http://localhost:3100/api/quiz [200]
reqid=630 POST http://localhost:3100/api/quiz [200]
reqid=631 GET http://localhost:3100/_next/image?url=%2Fquestions%2F3280.jpg&w=1080&q=75 [200]
reqid=632 POST http://localhost:3100/api/quiz [200]
reqid=633 POST http://localhost:3100/api/quiz [200]
reqid=634 POST http://localhost:3100/api/quiz [200]
reqid=635 POST http://localhost:3100/api/quiz [200]
reqid=636 POST http://localhost:3100/api/quiz [200]
reqid=637 POST http://localhost:3100/api/quiz [200]
reqid=638 POST http://localhost:3100/api/quiz [200]
reqid=639 POST http://localhost:3100/api/quiz [200]
reqid=640 POST http://localhost:3100/api/quiz [200]
reqid=641 POST http://localhost:3100/api/quiz [200]
reqid=642 POST http://localhost:3100/api/quiz [200]
reqid=643 POST http://localhost:3100/api/quiz [200]
reqid=644 POST http://localhost:3100/api/quiz [429]
reqid=645 POST http://localhost:3100/api/quiz [429]
reqid=646 POST http://localhost:3100/api/quiz [429]
reqid=647 POST http://localhost:3100/api/quiz [429]
reqid=648 POST http://localhost:3100/api/quiz [429]
reqid=649 POST http://localhost:3100/api/quiz [429]
reqid=650 POST http://localhost:3100/api/quiz [429]
reqid=651 POST http://localhost:3100/api/quiz [429]
reqid=652 POST http://localhost:3100/api/quiz [429]
reqid=653 POST http://localhost:3100/api/quiz [429]
reqid=654 POST http://localhost:3100/api/quiz [429]
reqid=655 POST http://localhost:3100/api/quiz [429]
reqid=656 POST http://localhost:3100/api/quiz [429]
reqid=657 POST http://localhost:3100/api/quiz [429]
reqid=658 POST http://localhost:3100/api/quiz [429]
reqid=659 POST http://localhost:3100/api/quiz [429]
reqid=660 POST http://localhost:3100/api/quiz [200]
reqid=661 POST http://localhost:3100/api/quiz [200]
reqid=662 POST http://localhost:3100/api/quiz [200]
reqid=663 POST http://localhost:3100/api/quiz [200]
reqid=664 POST http://localhost:3100/api/quiz [200]
reqid=665 POST http://localhost:3100/api/quiz [200]
reqid=666 POST http://localhost:3100/api/quiz [200]
reqid=667 POST http://localhost:3100/api/quiz [200]
reqid=668 POST http://localhost:3100/api/quiz [200]
reqid=669 POST http://localhost:3100/api/quiz [200]
reqid=670 POST http://localhost:3100/api/quiz [200]
reqid=671 POST http://localhost:3100/api/quiz [200]
reqid=672 POST http://localhost:3100/api/quiz [200]
reqid=673 POST http://localhost:3100/api/quiz [200]
reqid=674 POST http://localhost:3100/api/quiz [200]
reqid=675 POST http://localhost:3100/api/quiz [200]
reqid=676 POST http://localhost:3100/api/quiz [200]
reqid=677 POST http://localhost:3100/api/quiz [200]
reqid=678 POST http://localhost:3100/api/quiz [200]
reqid=679 POST http://localhost:3100/api/quiz [200]
reqid=680 POST http://localhost:3100/api/quiz [429]
reqid=681 POST http://localhost:3100/api/quiz [429]
reqid=682 POST http://localhost:3100/api/quiz [429]
reqid=683 POST http://localhost:3100/api/quiz [429]
reqid=684 POST http://localhost:3100/api/quiz [429]
reqid=685 POST http://localhost:3100/api/quiz [429]
reqid=686 POST http://localhost:3100/api/quiz [429]
reqid=687 POST http://localhost:3100/api/quiz [200]
reqid=688 POST http://localhost:3100/api/quiz [200]
reqid=689 POST http://localhost:3100/api/quiz [200]
reqid=690 POST http://localhost:3100/api/quiz [200]
reqid=691 POST http://localhost:3100/api/quiz [200]
reqid=692 POST http://localhost:3100/api/quiz [200]
reqid=693 POST http://localhost:3100/api/quiz [200]
reqid=694 POST http://localhost:3100/api/quiz [200]
reqid=695 POST http://localhost:3100/api/quiz [200]
reqid=696 POST http://localhost:3100/api/quiz [200]
reqid=697 POST http://localhost:3100/api/quiz [200]
reqid=698 POST http://localhost:3100/api/quiz [200]
reqid=699 POST http://localhost:3100/api/quiz [200]
reqid=700 POST http://localhost:3100/api/quiz [200]
reqid=701 POST http://localhost:3100/api/quiz [200]
reqid=702 POST http://localhost:3100/api/quiz [200]
reqid=703 POST http://localhost:3100/api/quiz [200]
reqid=704 POST http://localhost:3100/api/quiz [200]
reqid=705 POST http://localhost:3100/api/quiz [200]
reqid=706 POST http://localhost:3100/api/quiz [200]
reqid=707 POST http://localhost:3100/api/quiz [429]
reqid=708 POST http://localhost:3100/api/quiz [429]
reqid=709 POST http://localhost:3100/api/quiz [429]
reqid=710 POST http://localhost:3100/api/quiz [429]
reqid=711 POST http://localhost:3100/api/quiz [429]
reqid=712 POST http://localhost:3100/api/quiz [429]
reqid=713 POST http://localhost:3100/api/quiz [429]
reqid=714 POST http://localhost:3100/api/quiz [429]
reqid=715 POST http://localhost:3100/api/quiz [429]
reqid=716 POST http://localhost:3100/api/quiz [429]
reqid=717 POST http://localhost:3100/api/quiz [429]
reqid=718 POST http://localhost:3100/api/quiz [429]
reqid=719 POST http://localhost:3100/api/quiz [429]
reqid=720 POST http://localhost:3100/api/quiz [429]
reqid=721 POST http://localhost:3100/api/quiz [429]
reqid=722 POST http://localhost:3100/api/quiz [429]
reqid=723 POST http://localhost:3100/api/quiz [200]
reqid=724 GET http://localhost:3100/_next/image?url=%2Fquestions%2F3389.jpg&w=1080&q=75 [200]
reqid=725 POST http://localhost:3100/api/quiz [200]
reqid=726 POST http://localhost:3100/api/quiz [200]
reqid=727 POST http://localhost:3100/api/quiz [200]
reqid=728 POST http://localhost:3100/api/quiz [200]
reqid=729 GET http://localhost:3100/_next/image?url=%2Fquestions%2F3478.jpg&w=1080&q=75 [200]
reqid=730 POST http://localhost:3100/api/quiz [200]
reqid=731 POST http://localhost:3100/api/quiz [200]
reqid=732 POST http://localhost:3100/api/quiz [200]
reqid=733 POST http://localhost:3100/api/quiz [200]
reqid=734 POST http://localhost:3100/api/quiz [200]
reqid=735 POST http://localhost:3100/api/quiz [200]
reqid=736 GET http://localhost:3100/_next/image?url=%2Fquestions%2F31688.jpg&w=1080&q=75 [200]
reqid=737 POST http://localhost:3100/api/quiz [200]
reqid=738 POST http://localhost:3100/api/quiz [200]
reqid=739 GET http://localhost:3100/_next/image?url=%2Fquestions%2F3697.jpg&w=1080&q=75 [200]
reqid=740 POST http://localhost:3100/api/quiz [200]
reqid=741 GET http://localhost:3100/_next/image?url=%2Fquestions%2F3698.jpg&w=1080&q=75 [200]
reqid=742 POST http://localhost:3100/api/quiz [200]
reqid=743 GET http://localhost:3100/_next/image?url=%2Fquestions%2F3699.jpg&w=1080&q=75 [200]
reqid=744 POST http://localhost:3100/api/quiz [200]
reqid=745 GET http://localhost:3100/_next/image?url=%2Fquestions%2F3700.jpg&w=1080&q=75 [200]
reqid=746 POST http://localhost:3100/api/quiz [200]
reqid=747 GET http://localhost:3100/_next/image?url=%2Fquestions%2F3701.jpg&w=1080&q=75 [200]
reqid=748 POST http://localhost:3100/api/quiz [200]
reqid=749 GET http://localhost:3100/_next/image?url=%2Fquestions%2F3702.jpg&w=1080&q=75 [200]
reqid=750 POST http://localhost:3100/api/quiz [200]
reqid=751 GET http://localhost:3100/_next/image?url=%2Fquestions%2F3703.jpg&w=1080&q=75 [200]
reqid=752 POST http://localhost:3100/api/quiz [200]
reqid=753 GET http://localhost:3100/_next/image?url=%2Fquestions%2F3704.jpg&w=1080&q=75 [200]
reqid=754 POST http://localhost:3100/api/quiz [429]
reqid=755 POST http://localhost:3100/api/quiz [429]
reqid=756 POST http://localhost:3100/api/quiz [429]
reqid=757 POST http://localhost:3100/api/quiz [429]
reqid=758 POST http://localhost:3100/api/quiz [429]
reqid=759 POST http://localhost:3100/api/quiz [429]
reqid=760 POST http://localhost:3100/api/quiz [429]
reqid=761 POST http://localhost:3100/api/quiz [429]
reqid=762 POST http://localhost:3100/api/quiz [200]
reqid=763 GET http://localhost:3100/_next/image?url=%2Fquestions%2F3705.jpg&w=1080&q=75 [200]
reqid=764 POST http://localhost:3100/api/quiz [200]
reqid=765 GET http://localhost:3100/_next/image?url=%2Fquestions%2F3706.jpg&w=1080&q=75 [200]
reqid=766 POST http://localhost:3100/api/quiz [200]
reqid=767 GET http://localhost:3100/_next/image?url=%2Fquestions%2F3707.jpg&w=1080&q=75 [200]
reqid=768 POST http://localhost:3100/api/quiz [200]
reqid=769 GET http://localhost:3100/_next/image?url=%2Fquestions%2F3708.jpg&w=1080&q=75 [200]
reqid=770 POST http://localhost:3100/api/quiz [200]
reqid=771 GET http://localhost:3100/_next/image?url=%2Fquestions%2F3709.jpg&w=1080&q=75 [200]
reqid=772 POST http://localhost:3100/api/quiz [200]
reqid=773 GET http://localhost:3100/_next/image?url=%2Fquestions%2F3710.jpg&w=1080&q=75 [200]
reqid=774 POST http://localhost:3100/api/quiz [200]
reqid=775 GET http://localhost:3100/_next/image?url=%2Fquestions%2F3711.jpg&w=1080&q=75 [200]
reqid=776 POST http://localhost:3100/api/quiz [200]
reqid=777 GET http://localhost:3100/_next/image?url=%2Fquestions%2F3712.jpg&w=1080&q=75 [200]
reqid=778 POST http://localhost:3100/api/quiz [200]
reqid=779 GET http://localhost:3100/_next/image?url=%2Fquestions%2F3714.jpg&w=1080&q=75 [200]
reqid=780 POST http://localhost:3100/api/quiz [200]
reqid=781 GET http://localhost:3100/_next/image?url=%2Fquestions%2F3715.jpg&w=1080&q=75 [200]
reqid=782 POST http://localhost:3100/api/quiz [200]
reqid=783 GET http://localhost:3100/_next/image?url=%2Fquestions%2F3716.jpg&w=1080&q=75 [200]
reqid=784 POST http://localhost:3100/api/quiz [200]
reqid=785 GET http://localhost:3100/_next/image?url=%2Fquestions%2F3717.jpg&w=1080&q=75 [200]
reqid=786 POST http://localhost:3100/api/quiz [200]
reqid=787 GET http://localhost:3100/_next/image?url=%2Fquestions%2F3718.jpg&w=1080&q=75 [200]
reqid=788 POST http://localhost:3100/api/quiz [200]
reqid=789 GET http://localhost:3100/_next/image?url=%2Fquestions%2F3719.jpg&w=1080&q=75 [200]
reqid=790 POST http://localhost:3100/api/quiz [200]
reqid=791 GET http://localhost:3100/_next/image?url=%2Fquestions%2F3720.jpg&w=1080&q=75 [200]
reqid=792 POST http://localhost:3100/api/quiz [200]
reqid=793 GET http://localhost:3100/_next/image?url=%2Fquestions%2F3721.jpg&w=1080&q=75 [200]
reqid=794 POST http://localhost:3100/api/quiz [200]
reqid=795 POST http://localhost:3100/api/quiz [200]
reqid=796 GET http://localhost:3100/_next/image?url=%2Fquestions%2F3724.jpg&w=1080&q=75 [200]
reqid=797 POST http://localhost:3100/api/quiz [200]
reqid=798 GET http://localhost:3100/_next/image?url=%2Fquestions%2F3725.jpg&w=1080&q=75 [200]
reqid=799 POST http://localhost:3100/api/quiz [200]
reqid=800 GET http://localhost:3100/_next/image?url=%2Fquestions%2F3726.jpg&w=1080&q=75 [200]
reqid=801 POST http://localhost:3100/api/quiz [429]
reqid=802 POST http://localhost:3100/api/quiz [429]
reqid=803 POST http://localhost:3100/api/quiz [429]
reqid=804 POST http://localhost:3100/api/quiz [429]
reqid=805 POST http://localhost:3100/api/quiz [429]
reqid=806 POST http://localhost:3100/api/quiz [429]
reqid=807 POST http://localhost:3100/api/quiz [429]
reqid=808 POST http://localhost:3100/api/quiz [429]
reqid=809 POST http://localhost:3100/api/quiz [429]
reqid=810 POST http://localhost:3100/api/quiz [429]
reqid=811 POST http://localhost:3100/api/quiz [429]
reqid=812 POST http://localhost:3100/api/quiz [429]
reqid=813 POST http://localhost:3100/api/quiz [429]
reqid=814 POST http://localhost:3100/api/quiz [429]
reqid=815 POST http://localhost:3100/api/quiz [429]
reqid=816 POST http://localhost:3100/api/quiz [429]
reqid=817 POST http://localhost:3100/api/quiz [429]
reqid=818 POST http://localhost:3100/api/quiz [429]
reqid=819 POST http://localhost:3100/api/quiz [429]
reqid=820 POST http://localhost:3100/api/quiz [200]
reqid=821 GET http://localhost:3100/_next/image?url=%2Fquestions%2F3727.jpg&w=1080&q=75 [200]
reqid=822 POST http://localhost:3100/api/quiz [200]
reqid=823 GET http://localhost:3100/_next/image?url=%2Fquestions%2F3728.jpg&w=1080&q=75 [200]
reqid=824 POST http://localhost:3100/api/quiz [200]
reqid=825 GET http://localhost:3100/_next/image?url=%2Fquestions%2F3729.jpg&w=1080&q=75 [200]
reqid=826 POST http://localhost:3100/api/quiz [200]
reqid=827 POST http://localhost:3100/api/quiz [200]
reqid=828 POST http://localhost:3100/api/quiz [200]
reqid=829 POST http://localhost:3100/api/quiz [200]
reqid=830 POST http://localhost:3100/api/quiz [200]
reqid=831 GET http://localhost:3100/_next/image?url=%2Fquestions%2F3616.jpg&w=1080&q=75 [200]
reqid=832 POST http://localhost:3100/api/quiz [200]
reqid=833 POST http://localhost:3100/api/quiz [200]
reqid=834 POST http://localhost:3100/api/quiz [200]
reqid=835 POST http://localhost:3100/api/quiz [200]
reqid=836 POST http://localhost:3100/api/quiz [200]
reqid=837 POST http://localhost:3100/api/quiz [200]
reqid=838 POST http://localhost:3100/api/quiz [200]
reqid=839 POST http://localhost:3100/api/quiz [200]
reqid=840 POST http://localhost:3100/api/quiz [200]
reqid=841 POST http://localhost:3100/api/quiz [200]
reqid=842 POST http://localhost:3100/api/quiz [200]
reqid=843 POST http://localhost:3100/api/quiz [200]
reqid=844 POST http://localhost:3100/api/quiz [429]
reqid=845 POST http://localhost:3100/api/quiz [429]
reqid=846 POST http://localhost:3100/api/quiz [429]
reqid=847 POST http://localhost:3100/api/quiz [429]
reqid=848 POST http://localhost:3100/api/quiz [429]
reqid=849 POST http://localhost:3100/api/quiz [429]
reqid=850 POST http://localhost:3100/api/quiz [429]
reqid=851 POST http://localhost:3100/api/quiz [429]
reqid=852 POST http://localhost:3100/api/quiz [429]
reqid=853 POST http://localhost:3100/api/quiz [429]
reqid=854 POST http://localhost:3100/api/quiz [429]
reqid=855 POST http://localhost:3100/api/quiz [429]
reqid=856 POST http://localhost:3100/api/quiz [429]
reqid=857 POST http://localhost:3100/api/quiz [429]
reqid=858 POST http://localhost:3100/api/quiz [200]
reqid=859 POST http://localhost:3100/api/quiz [200]
reqid=860 GET http://localhost:3100/_next/image?url=%2Fquestions%2F3784.jpg&w=1080&q=75 [200]
reqid=861 POST http://localhost:3100/api/quiz [200]
reqid=862 POST http://localhost:3100/api/quiz [200]
reqid=863 POST http://localhost:3100/api/quiz [200]
reqid=864 POST http://localhost:3100/api/quiz [200]
reqid=865 POST http://localhost:3100/api/quiz [200]
reqid=866 POST http://localhost:3100/api/quiz [200]
reqid=867 GET http://localhost:3100/_next/image?url=%2Fquestions%2F3796.jpg&w=1080&q=75 [200]
reqid=868 POST http://localhost:3100/api/quiz [200]
reqid=869 POST http://localhost:3100/api/quiz [200]
reqid=870 POST http://localhost:3100/api/quiz [200]
reqid=871 POST http://localhost:3100/api/quiz [200]
reqid=872 POST http://localhost:3100/api/quiz [200]
reqid=873 POST http://localhost:3100/api/quiz [200]
reqid=874 POST http://localhost:3100/api/quiz [200]
reqid=875 GET http://localhost:3100/_next/image?url=%2Fquestions%2F3941.jpg&w=1080&q=75 [200]
reqid=876 POST http://localhost:3100/api/quiz [200]
reqid=877 POST http://localhost:3100/api/quiz [200]
reqid=878 GET http://localhost:3100/_next/image?url=%2Fquestions%2F3962.jpg&w=1080&q=75 [200]
reqid=879 POST http://localhost:3100/api/quiz [200]
reqid=880 GET http://localhost:3100/_next/image?url=%2Fquestions%2F3963.jpg&w=1080&q=75 [200]
reqid=881 POST http://localhost:3100/api/quiz [200]
reqid=882 GET http://localhost:3100/_next/image?url=%2Fquestions%2F3967.jpg&w=1080&q=75 [200]
reqid=883 POST http://localhost:3100/api/quiz [200]
reqid=884 POST http://localhost:3100/api/quiz [429]
reqid=885 POST http://localhost:3100/api/quiz [429]
reqid=886 POST http://localhost:3100/api/quiz [429]
reqid=887 POST http://localhost:3100/api/quiz [429]
reqid=888 POST http://localhost:3100/api/quiz [429]
reqid=889 POST http://localhost:3100/api/quiz [429]
reqid=890 POST http://localhost:3100/api/quiz [429]
reqid=891 POST http://localhost:3100/api/quiz [429]
reqid=892 POST http://localhost:3100/api/quiz [429]
reqid=893 POST http://localhost:3100/api/quiz [429]
reqid=894 POST http://localhost:3100/api/quiz [200]
reqid=895 POST http://localhost:3100/api/quiz [200]
reqid=896 POST http://localhost:3100/api/quiz [200]
reqid=897 POST http://localhost:3100/api/quiz [200]
reqid=898 POST http://localhost:3100/api/quiz [200]
reqid=899 POST http://localhost:3100/api/quiz [200]
reqid=900 POST http://localhost:3100/api/quiz [200]
reqid=901 POST http://localhost:3100/api/quiz [200]
reqid=902 POST http://localhost:3100/api/quiz [200]
reqid=903 POST http://localhost:3100/api/quiz [200]
reqid=904 POST http://localhost:3100/api/quiz [200]
reqid=905 POST http://localhost:3100/api/quiz [200]
reqid=906 POST http://localhost:3100/api/quiz [200]
reqid=907 POST http://localhost:3100/api/quiz [200]
reqid=908 POST http://localhost:3100/api/quiz [200]
reqid=909 GET http://localhost:3100/_next/image?url=%2Fquestions%2F31321.jpg&w=1080&q=75 [200]
reqid=910 POST http://localhost:3100/api/quiz [200]
reqid=911 POST http://localhost:3100/api/quiz [200]
reqid=912 POST http://localhost:3100/api/quiz [200]
reqid=913 POST http://localhost:3100/api/quiz [200]
reqid=914 POST http://localhost:3100/api/quiz [200]
reqid=915 POST http://localhost:3100/api/quiz [429]
reqid=916 POST http://localhost:3100/api/quiz [429]
reqid=917 POST http://localhost:3100/api/quiz [429]
reqid=918 POST http://localhost:3100/api/quiz [429]
reqid=919 POST http://localhost:3100/api/quiz [429]
reqid=920 POST http://localhost:3100/api/quiz [429]
reqid=921 POST http://localhost:3100/api/quiz [429]
reqid=922 POST http://localhost:3100/api/quiz [429]
reqid=923 POST http://localhost:3100/api/quiz [200]
reqid=924 POST http://localhost:3100/api/quiz [200]
reqid=925 POST http://localhost:3100/api/quiz [200]
reqid=926 POST http://localhost:3100/api/quiz [200]
reqid=927 POST http://localhost:3100/api/quiz [200]
reqid=928 POST http://localhost:3100/api/quiz [200]
reqid=929 POST http://localhost:3100/api/quiz [200]
reqid=930 POST http://localhost:3100/api/quiz [200]
reqid=931 POST http://localhost:3100/api/quiz [200]
reqid=932 POST http://localhost:3100/api/quiz [200]
reqid=933 POST http://localhost:3100/api/quiz [200]
reqid=934 POST http://localhost:3100/api/quiz [200]
reqid=935 POST http://localhost:3100/api/quiz [200]
reqid=936 POST http://localhost:3100/api/quiz [200]
reqid=937 POST http://localhost:3100/api/quiz [200]
reqid=938 POST http://localhost:3100/api/quiz [200]
reqid=939 POST http://localhost:3100/api/quiz [200]
reqid=940 POST http://localhost:3100/api/quiz [200]
reqid=941 POST http://localhost:3100/api/quiz [200]
reqid=942 GET http://localhost:3100/_next/image?url=%2Fquestions%2F31501.jpg&w=1080&q=75 [200]
reqid=943 POST http://localhost:3100/api/quiz [200]
reqid=944 GET http://localhost:3100/_next/image?url=%2Fquestions%2F3091.jpg&w=1080&q=75 [200]
reqid=945 POST http://localhost:3100/api/quiz [429]
reqid=946 POST http://localhost:3100/api/quiz [429]
reqid=947 POST http://localhost:3100/api/quiz [429]
reqid=948 POST http://localhost:3100/api/quiz [429]
reqid=949 POST http://localhost:3100/api/quiz [429]
reqid=950 POST http://localhost:3100/api/quiz [429]
reqid=951 POST http://localhost:3100/api/quiz [429]
reqid=952 POST http://localhost:3100/api/quiz [429]
reqid=953 POST http://localhost:3100/api/quiz [429]
reqid=954 POST http://localhost:3100/api/quiz [429]
reqid=955 POST http://localhost:3100/api/quiz [429]
reqid=956 POST http://localhost:3100/api/quiz [429]
reqid=957 POST http://localhost:3100/api/quiz [429]
reqid=958 POST http://localhost:3100/api/quiz [200]
reqid=959 POST http://localhost:3100/api/quiz [200]
reqid=960 POST http://localhost:3100/api/quiz [200]
reqid=961 POST http://localhost:3100/api/quiz [200]
reqid=962 POST http://localhost:3100/api/quiz [200]
reqid=963 POST http://localhost:3100/api/quiz [200]
reqid=964 POST http://localhost:3100/api/quiz [200]
reqid=965 POST http://localhost:3100/api/quiz [200]
reqid=966 POST http://localhost:3100/api/quiz [200]
reqid=967 POST http://localhost:3100/api/quiz [200]
reqid=968 POST http://localhost:3100/api/quiz [200]
reqid=969 POST http://localhost:3100/api/quiz [200]
reqid=970 POST http://localhost:3100/api/quiz [200]
reqid=971 POST http://localhost:3100/api/quiz [200]
reqid=972 POST http://localhost:3100/api/quiz [200]
reqid=973 POST http://localhost:3100/api/quiz [200]
reqid=974 POST http://localhost:3100/api/quiz [200]
reqid=975 POST http://localhost:3100/api/quiz [200]
reqid=976 POST http://localhost:3100/api/quiz [200]
reqid=977 POST http://localhost:3100/api/quiz [200]
reqid=978 POST http://localhost:3100/api/quiz [429]
reqid=979 POST http://localhost:3100/api/quiz [429]
reqid=980 POST http://localhost:3100/api/quiz [429]
reqid=981 POST http://localhost:3100/api/quiz [429]
reqid=982 POST http://localhost:3100/api/quiz [429]
reqid=983 POST http://localhost:3100/api/quiz [429]
reqid=984 POST http://localhost:3100/api/quiz [429]
reqid=985 POST http://localhost:3100/api/quiz [429]
reqid=986 POST http://localhost:3100/api/quiz [429]
reqid=987 POST http://localhost:3100/api/quiz [429]
reqid=988 POST http://localhost:3100/api/quiz [429]
reqid=989 POST http://localhost:3100/api/quiz [429]
reqid=990 POST http://localhost:3100/api/quiz [429]
reqid=991 POST http://localhost:3100/api/quiz [429]
reqid=992 POST http://localhost:3100/api/quiz [429]
reqid=993 POST http://localhost:3100/api/quiz [429]
reqid=994 POST http://localhost:3100/api/quiz [429]
reqid=995 POST http://localhost:3100/api/quiz [429]
reqid=996 POST http://localhost:3100/api/quiz [200]
reqid=997 POST http://localhost:3100/api/quiz [200]
reqid=998 POST http://localhost:3100/api/quiz [200]
reqid=999 POST http://localhost:3100/api/quiz [200]
reqid=1000 POST http://localhost:3100/api/quiz [200]
reqid=1001 POST http://localhost:3100/api/quiz [200]
reqid=1002 POST http://localhost:3100/api/quiz [200]
reqid=1003 POST http://localhost:3100/api/quiz [200]
reqid=1004 POST http://localhost:3100/api/quiz [200]
reqid=1005 POST http://localhost:3100/api/quiz [200]
reqid=1006 POST http://localhost:3100/api/quiz [200]
reqid=1007 GET http://localhost:3100/_next/image?url=%2Fsigns%2Fsign-110.png&w=256&q=75 [200]
reqid=1008 GET http://localhost:3100/_next/image?url=%2Fsigns%2Fsign-100.png&w=256&q=75 [200]
reqid=1009 POST http://localhost:3100/api/quiz [200]
reqid=1010 POST http://localhost:3100/api/quiz [200]
reqid=1011 POST http://localhost:3100/api/quiz [200]
reqid=1012 POST http://localhost:3100/api/quiz [200]
reqid=1013 POST http://localhost:3100/api/quiz [200]
reqid=1014 POST http://localhost:3100/api/quiz [200]
reqid=1015 POST http://localhost:3100/api/quiz [200]
reqid=1016 POST http://localhost:3100/api/quiz [200]
reqid=1017 POST http://localhost:3100/api/quiz [200]
reqid=1018 POST http://localhost:3100/api/quiz [429]
reqid=1019 POST http://localhost:3100/api/quiz [429]
reqid=1020 POST http://localhost:3100/api/quiz [429]
reqid=1021 POST http://localhost:3100/api/quiz [429]
reqid=1022 POST http://localhost:3100/api/quiz [429]
reqid=1023 POST http://localhost:3100/api/quiz [429]
reqid=1024 POST http://localhost:3100/api/quiz [429]
reqid=1025 POST http://localhost:3100/api/quiz [429]
reqid=1026 POST http://localhost:3100/api/quiz [429]
reqid=1027 POST http://localhost:3100/api/quiz [429]
reqid=1028 POST http://localhost:3100/api/quiz [429]
reqid=1029 POST http://localhost:3100/api/quiz [429]
reqid=1030 POST http://localhost:3100/api/quiz [429]
reqid=1031 POST http://localhost:3100/api/quiz [429]
reqid=1032 POST http://localhost:3100/api/quiz [429]
reqid=1033 POST http://localhost:3100/api/quiz [429]
reqid=1034 POST http://localhost:3100/api/quiz [429]
reqid=1035 POST http://localhost:3100/api/quiz [429]
reqid=1036 POST http://localhost:3100/api/quiz [429]
reqid=1037 POST http://localhost:3100/api/quiz [200]
reqid=1038 POST http://localhost:3100/api/quiz [200]
reqid=1039 POST http://localhost:3100/api/quiz [200]
reqid=1040 POST http://localhost:3100/api/quiz [200]
reqid=1041 POST http://localhost:3100/api/quiz [200]
reqid=1042 POST http://localhost:3100/api/quiz [200]
reqid=1043 POST http://localhost:3100/api/quiz [200]
reqid=1044 POST http://localhost:3100/api/quiz [200]
reqid=1045 POST http://localhost:3100/api/quiz [200]
reqid=1046 POST http://localhost:3100/api/quiz [200]
reqid=1047 POST http://localhost:3100/api/quiz [200]
reqid=1048 POST http://localhost:3100/api/quiz [200]
reqid=1049 POST http://localhost:3100/api/quiz [200]
reqid=1050 POST http://localhost:3100/api/quiz [200]
reqid=1051 POST http://localhost:3100/api/quiz [200]
reqid=1052 POST http://localhost:3100/api/quiz [200]
reqid=1053 POST http://localhost:3100/api/quiz [200]
reqid=1054 POST http://localhost:3100/api/quiz [200]
reqid=1055 POST http://localhost:3100/api/quiz [200]
reqid=1056 POST http://localhost:3100/api/quiz [200]
reqid=1057 POST http://localhost:3100/api/quiz [429]
reqid=1058 POST http://localhost:3100/api/quiz [429]
reqid=1059 POST http://localhost:3100/api/quiz [429]
reqid=1060 POST http://localhost:3100/api/quiz [429]
reqid=1061 POST http://localhost:3100/api/quiz [429]
reqid=1062 POST http://localhost:3100/api/quiz [429]
reqid=1063 POST http://localhost:3100/api/quiz [429]
reqid=1064 POST http://localhost:3100/api/quiz [429]
reqid=1065 POST http://localhost:3100/api/quiz [429]
reqid=1066 POST http://localhost:3100/api/quiz [429]
reqid=1067 POST http://localhost:3100/api/quiz [429]
reqid=1068 POST http://localhost:3100/api/quiz [429]
reqid=1069 POST http://localhost:3100/api/quiz [429]
reqid=1070 POST http://localhost:3100/api/quiz [429]
reqid=1071 POST http://localhost:3100/api/quiz [429]
reqid=1072 POST http://localhost:3100/api/quiz [429]
reqid=1073 POST http://localhost:3100/api/quiz [429]
reqid=1074 POST http://localhost:3100/api/quiz [200]
reqid=1075 POST http://localhost:3100/api/quiz [200]
reqid=1076 POST http://localhost:3100/api/quiz [200]
reqid=1077 POST http://localhost:3100/api/quiz [200]
reqid=1078 POST http://localhost:3100/api/quiz [200]
reqid=1079 POST http://localhost:3100/api/quiz [200]
reqid=1080 POST http://localhost:3100/api/quiz [200]
reqid=1081 POST http://localhost:3100/api/quiz [200]
reqid=1082 POST http://localhost:3100/api/quiz [200]
reqid=1083 POST http://localhost:3100/api/quiz [200]
reqid=1084 POST http://localhost:3100/api/quiz [200]
reqid=1085 POST http://localhost:3100/api/quiz [200]
reqid=1086 POST http://localhost:3100/api/quiz [200]
reqid=1087 POST http://localhost:3100/api/quiz [200]
reqid=1088 POST http://localhost:3100/api/quiz [200]
reqid=1089 POST http://localhost:3100/api/quiz [200]
reqid=1090 POST http://localhost:3100/api/quiz [200]
reqid=1091 POST http://localhost:3100/api/quiz [200]
reqid=1092 POST http://localhost:3100/api/quiz [200]
reqid=1093 POST http://localhost:3100/api/quiz [200]
reqid=1094 POST http://localhost:3100/api/quiz [429]
reqid=1095 POST http://localhost:3100/api/quiz [429]
reqid=1096 POST http://localhost:3100/api/quiz [429]
reqid=1097 POST http://localhost:3100/api/quiz [429]
reqid=1098 POST http://localhost:3100/api/quiz [429]
reqid=1099 POST http://localhost:3100/api/quiz [429]
reqid=1100 POST http://localhost:3100/api/quiz [429]
reqid=1101 POST http://localhost:3100/api/quiz [429]
reqid=1102 POST http://localhost:3100/api/quiz [429]
reqid=1103 POST http://localhost:3100/api/quiz [429]
reqid=1104 POST http://localhost:3100/api/quiz [429]
reqid=1105 POST http://localhost:3100/api/quiz [429]
reqid=1106 POST http://localhost:3100/api/quiz [429]
reqid=1107 POST http://localhost:3100/api/quiz [429]
reqid=1108 POST http://localhost:3100/api/quiz [429]
reqid=1109 POST http://localhost:3100/api/quiz [429]
reqid=1110 POST http://localhost:3100/api/quiz [429]
reqid=1111 POST http://localhost:3100/api/quiz [429]
reqid=1112 POST http://localhost:3100/api/quiz [429]
reqid=1113 POST http://localhost:3100/api/quiz [200]
reqid=1114 POST http://localhost:3100/api/quiz [200]
reqid=1115 POST http://localhost:3100/api/quiz [200]
reqid=1116 POST http://localhost:3100/api/quiz [200]
reqid=1117 POST http://localhost:3100/api/progress [200]